<?xml version="1.0" encoding="UTF-8"?>
<!-- Generated by org.testng.reporters.JUnitXMLReporter -->
<testsuite ignored="2" hostname="DESKTOP-D148JLL" failures="3" tests="25" name="Test" time="15.113" errors="0" timestamp="2023-09-05T11:29:39 IST">
  <testcase classname="testngexample.Example1" name="tc1" time="0.016"/>
  <testcase classname="testngexample.Example1" name="tc2" time="0.012"/>
  <testcase classname="testngexample.Example2" name="tc2" time="0.005"/>
  <testcase classname="testngexample.Example2" name="tc3" time="0.007"/>
  <testcase classname="testngexample.TestngExample1" name="testCase" time="0.015"/>
  <testcase classname="testngexample.Example3" name="tc4" time="0.022"/>
  <testcase classname="testngexample.Example3" name="tc1" time="0.008"/>
  <testcase classname="testngexample.Example3" name="tc2" time="0.01"/>
  <testcase classname="testngexample.Example3" name="tc3" time="0.004"/>
  <testcase classname="testngexample.Example4" name="testSignIn" time="0.003"/>
  <testcase classname="testngexample.Example4" name="testSignIn" time="0.003"/>
  <testcase classname="testngexample.Example4" name="testSignIn" time="0.003"/>
  <testcase classname="testngexample.Example5" name="tc4" time="0.002"/>
  <testcase classname="testngexample.Example5" name="createNewSavinsAccount" time="0.006">
    <failure type="java.lang.ArithmeticException" message="/ by zero">
      <![CDATA[java.lang.ArithmeticException: / by zero
at testngexample.Example5.createNewSavinsAccount(Example5.java:9)
at java.base/java.util.ArrayList.forEach(ArrayList.java:1511)
... Removed 27 stack frames]]>
    </failure>
  </testcase> <!-- createNewSavinsAccount -->
  <testcase classname="testngexample.Example5" name="createNewCurrentAccount" time="0.001">
    <skipped/>
  </testcase> <!-- createNewCurrentAccount -->
  <testcase classname="testngexample.Example5" name="createNewDmatAccount" time="0.002"/>
  <testcase classname="testngexample.Example6" name="testSignIn" time="0.015"/>
  <testcase classname="testngexample.Example6" name="testLogin" time="0.001"/>
  <testcase classname="testngexample.Example6" name="testLogout" time="2.026">
    <failure type="org.testng.internal.thread.ThreadTimeoutException" message="Method testngexample.Example6.testLogout() didn&amp;apos;t finish within the time-out 2000">
      <![CDATA[org.testng.internal.thread.ThreadTimeoutException: Method testngexample.Example6.testLogout() didn't finish within the time-out 2000
at java.base@17.0.3/java.lang.Thread.sleep(Native Method)
at app//testngexample.Example6.testLogout(Example6.java:20)
at java.base@17.0.3/java.util.concurrent.FutureTask.run(FutureTask.java:264)
at java.base@17.0.3/java.util.concurrent.ThreadPoolExecutor.runWorker(ThreadPoolExecutor.java:1136)
at java.base@17.0.3/java.util.concurrent.ThreadPoolExecutor$Worker.run(ThreadPoolExecutor.java:635)
at java.base@17.0.3/java.lang.Thread.run(Thread.java:833)
... Removed 8 stack frames]]>
    </failure>
  </testcase> <!-- testLogout -->
  <testcase classname="testngexample.Example7" name="testFB" time="0.004"/>
  <testcase classname="testngexample.Example8" name="testLogin" time="0.013"/>
  <testcase classname="testngexample.Example8" name="testLogout" time="0.002"/>
  <testcase classname="testngexample.Example8" name="testSignIn" time="0.002"/>
  <testcase classname="testngexample.Validation" name="testGoogleSearchResultWithAssert" time="12.599">
    <failure type="java.lang.AssertionError" message="Either google search not happened or page title got changed expected [selenium - Google Search1] but found [selenium - Google Search]">
      <![CDATA[java.lang.AssertionError: Either google search not happened or page title got changed expected [selenium - Google Search1] but found [selenium - Google Search]
at testngexample.Validation.testGoogleSearchResultWithAssert(Validation.java:31)
at java.base/java.util.ArrayList.forEach(ArrayList.java:1511)
... Removed 32 stack frames]]>
    </failure>
  </testcase> <!-- testGoogleSearchResultWithAssert -->
  <testcase classname="testngexample.ConverToTestngEx" name="test" time="0.003"/>
  <testcase classname="testngexample.Example2" name="tc1" time="0.0">
    <ignored/>
  </testcase> <!-- tc1 -->
  <testcase classname="testngexample.Example2" name="tc4" time="0.0">
    <ignored/>
  </testcase> <!-- tc4 -->
</testsuite> <!-- Test -->
