<html>
<head>
<title>TestNG:  Test</title>
<link href="../testng.css" rel="stylesheet" type="text/css" />
<link href="../my-testng.css" rel="stylesheet" type="text/css" />

<style type="text/css">
.log { display: none;} 
.stack-trace { display: none;} 
</style>
<script type="text/javascript">
<!--
function flip(e) {
  current = e.style.display;
  if (current == 'block') {
    e.style.display = 'none';
    return 0;
  }
  else {
    e.style.display = 'block';
    return 1;
  }
}

function toggleBox(szDivId, elem, msg1, msg2)
{
  var res = -1;  if (document.getElementById) {
    res = flip(document.getElementById(szDivId));
  }
  else if (document.all) {
    // this is the way old msie versions work
    res = flip(document.all[szDivId]);
  }
  if(elem) {
    if(res == 0) elem.innerHTML = msg1; else elem.innerHTML = msg2;
  }

}

function toggleAllBoxes() {
  if (document.getElementsByTagName) {
    d = document.getElementsByTagName('div');
    for (i = 0; i < d.length; i++) {
      if (d[i].className == 'log') {
        flip(d[i]);
      }
    }
  }
}

// -->
</script>

</head>
<body>
<h2 align='center'>Test</h2><table border='1' align="center">
<tr>
<td>Tests passed/Failed/Skipped:</td><td>21/3/1</td>
</tr><tr>
<td>Started on:</td><td>Tue Sep 05 11:29:24 IST 2023</td>
</tr>
<tr><td>Total time:</td><td>15 seconds (15113 ms)</td>
</tr><tr>
<td>Included groups:</td><td></td>
</tr><tr>
<td>Excluded groups:</td><td></td>
</tr>
</table><p/>
<small><i>(Hover the method name to see the test class name)</i></small><p/>
<table width='100%' border='1' class='invocation-failed'>
<tr><td colspan='4' align='center'><b>FAILED TESTS</b></td></tr>
<tr><td><b>Test method</b></td>
<td><b>Attribute(s)</b></td>
<td width="30%"><b>Exception</b></td>
<td width="10%"><b>Time (seconds)</b></td>
<td><b>Instance</b></td>
</tr>
<tr>
<td title='testngexample.Validation.testGoogleSearchResultWithAssert()'><b>testGoogleSearchResultWithAssert</b><br>Test class: testngexample.Validation</td>
<td><div><pre>java.lang.AssertionError: Either google search not happened or page title got changed expected [selenium - Google Search1] but found [selenium - Google Search]
	at testngexample.Validation.testGoogleSearchResultWithAssert(Validation.java:31)
	at java.base/java.util.ArrayList.forEach(ArrayList.java:1511)
... Removed 32 stack frames</pre></div><a href='#' onClick='toggleBox("stack-trace2063786038", this, "Click to show all stack frames", "Click to hide stack frames")'>Click to show all stack frames</a>
<div class='stack-trace' id='stack-trace2063786038'><pre>java.lang.AssertionError: Either google search not happened or page title got changed expected [selenium - Google Search1] but found [selenium - Google Search]
	at org.testng.Assert.fail(Assert.java:110)
	at org.testng.Assert.failNotEquals(Assert.java:1577)
	at org.testng.Assert.assertEqualsImpl(Assert.java:149)
	at org.testng.Assert.assertEquals(Assert.java:131)
	at org.testng.Assert.assertEquals(Assert.java:655)
	at testngexample.Validation.testGoogleSearchResultWithAssert(Validation.java:31)
	at java.base/jdk.internal.reflect.NativeMethodAccessorImpl.invoke0(Native Method)
	at java.base/jdk.internal.reflect.NativeMethodAccessorImpl.invoke(NativeMethodAccessorImpl.java:77)
	at java.base/jdk.internal.reflect.DelegatingMethodAccessorImpl.invoke(DelegatingMethodAccessorImpl.java:43)
	at java.base/java.lang.reflect.Method.invoke(Method.java:568)
	at org.testng.internal.invokers.MethodInvocationHelper.invokeMethod(MethodInvocationHelper.java:139)
	at org.testng.internal.invokers.TestInvoker.invokeMethod(TestInvoker.java:677)
	at org.testng.internal.invokers.TestInvoker.invokeTestMethod(TestInvoker.java:221)
	at org.testng.internal.invokers.MethodRunner.runInSequence(MethodRunner.java:50)
	at org.testng.internal.invokers.TestInvoker$MethodInvocationAgent.invoke(TestInvoker.java:969)
	at org.testng.internal.invokers.TestInvoker.invokeTestMethods(TestInvoker.java:194)
	at org.testng.internal.invokers.TestMethodWorker.invokeTestMethods(TestMethodWorker.java:148)
	at org.testng.internal.invokers.TestMethodWorker.run(TestMethodWorker.java:128)
	at java.base/java.util.ArrayList.forEach(ArrayList.java:1511)
	at org.testng.TestRunner.privateRun(TestRunner.java:829)
	at org.testng.TestRunner.run(TestRunner.java:602)
	at org.testng.SuiteRunner.runTest(SuiteRunner.java:437)
	at org.testng.SuiteRunner.runSequentially(SuiteRunner.java:431)
	at org.testng.SuiteRunner.privateRun(SuiteRunner.java:391)
	at org.testng.SuiteRunner.run(SuiteRunner.java:330)
	at org.testng.SuiteRunnerWorker.runSuite(SuiteRunnerWorker.java:52)
	at org.testng.SuiteRunnerWorker.run(SuiteRunnerWorker.java:95)
	at org.testng.TestNG.runSuitesSequentially(TestNG.java:1256)
	at org.testng.TestNG.runSuitesLocally(TestNG.java:1176)
	at org.testng.TestNG.runSuites(TestNG.java:1099)
	at org.testng.TestNG.run(TestNG.java:1067)
	at org.testng.remote.AbstractRemoteTestNG.run(AbstractRemoteTestNG.java:115)
	at org.testng.remote.RemoteTestNG.initAndRun(RemoteTestNG.java:251)
	at org.testng.remote.RemoteTestNG.main(RemoteTestNG.java:77)
</pre></div></td>
<td>12</td>
<td>testngexample.Validation@1e0b4072</td></tr>
<tr>
<td title='testngexample.Example6.testLogout()'><b>testLogout</b><br>Test class: testngexample.Example6</td>
<td><div><pre>org.testng.internal.thread.ThreadTimeoutException: Method testngexample.Example6.testLogout() didn&apos;t finish within the time-out 2000
	at java.base@17.0.3/java.lang.Thread.sleep(Native Method)
	at app//testngexample.Example6.testLogout(Example6.java:20)
	at java.base@17.0.3/java.util.concurrent.FutureTask.run(FutureTask.java:264)
	at java.base@17.0.3/java.util.concurrent.ThreadPoolExecutor.runWorker(ThreadPoolExecutor.java:1136)
	at java.base@17.0.3/java.util.concurrent.ThreadPoolExecutor$Worker.run(ThreadPoolExecutor.java:635)
	at java.base@17.0.3/java.lang.Thread.run(Thread.java:833)
... Removed 8 stack frames</pre></div><a href='#' onClick='toggleBox("stack-trace1365767549", this, "Click to show all stack frames", "Click to hide stack frames")'>Click to show all stack frames</a>
<div class='stack-trace' id='stack-trace1365767549'><pre>org.testng.internal.thread.ThreadTimeoutException: Method testngexample.Example6.testLogout() didn&apos;t finish within the time-out 2000
	at java.base@17.0.3/java.lang.Thread.sleep(Native Method)
	at app//testngexample.Example6.testLogout(Example6.java:20)
	at java.base@17.0.3/jdk.internal.reflect.NativeMethodAccessorImpl.invoke0(Native Method)
	at java.base@17.0.3/jdk.internal.reflect.NativeMethodAccessorImpl.invoke(NativeMethodAccessorImpl.java:77)
	at java.base@17.0.3/jdk.internal.reflect.DelegatingMethodAccessorImpl.invoke(DelegatingMethodAccessorImpl.java:43)
	at java.base@17.0.3/java.lang.reflect.Method.invoke(Method.java:568)
	at app//org.testng.internal.invokers.MethodInvocationHelper.invokeMethod(MethodInvocationHelper.java:139)
	at app//org.testng.internal.invokers.InvokeMethodRunnable.runOne(InvokeMethodRunnable.java:47)
	at app//org.testng.internal.invokers.InvokeMethodRunnable.call(InvokeMethodRunnable.java:76)
	at app//org.testng.internal.invokers.InvokeMethodRunnable.call(InvokeMethodRunnable.java:11)
	at java.base@17.0.3/java.util.concurrent.FutureTask.run(FutureTask.java:264)
	at java.base@17.0.3/java.util.concurrent.ThreadPoolExecutor.runWorker(ThreadPoolExecutor.java:1136)
	at java.base@17.0.3/java.util.concurrent.ThreadPoolExecutor$Worker.run(ThreadPoolExecutor.java:635)
	at java.base@17.0.3/java.lang.Thread.run(Thread.java:833)
</pre></div></td>
<td>2</td>
<td>testngexample.Example6@4c1909a3</td></tr>
<tr>
<td title='testngexample.Example5.createNewSavinsAccount()'><b>createNewSavinsAccount</b><br>Test class: testngexample.Example5</td>
<td><div><pre>java.lang.ArithmeticException: / by zero
	at testngexample.Example5.createNewSavinsAccount(Example5.java:9)
	at java.base/java.util.ArrayList.forEach(ArrayList.java:1511)
... Removed 27 stack frames</pre></div><a href='#' onClick='toggleBox("stack-trace800088638", this, "Click to show all stack frames", "Click to hide stack frames")'>Click to show all stack frames</a>
<div class='stack-trace' id='stack-trace800088638'><pre>java.lang.ArithmeticException: / by zero
	at testngexample.Example5.createNewSavinsAccount(Example5.java:9)
	at java.base/jdk.internal.reflect.NativeMethodAccessorImpl.invoke0(Native Method)
	at java.base/jdk.internal.reflect.NativeMethodAccessorImpl.invoke(NativeMethodAccessorImpl.java:77)
	at java.base/jdk.internal.reflect.DelegatingMethodAccessorImpl.invoke(DelegatingMethodAccessorImpl.java:43)
	at java.base/java.lang.reflect.Method.invoke(Method.java:568)
	at org.testng.internal.invokers.MethodInvocationHelper.invokeMethod(MethodInvocationHelper.java:139)
	at org.testng.internal.invokers.TestInvoker.invokeMethod(TestInvoker.java:677)
	at org.testng.internal.invokers.TestInvoker.invokeTestMethod(TestInvoker.java:221)
	at org.testng.internal.invokers.MethodRunner.runInSequence(MethodRunner.java:50)
	at org.testng.internal.invokers.TestInvoker$MethodInvocationAgent.invoke(TestInvoker.java:969)
	at org.testng.internal.invokers.TestInvoker.invokeTestMethods(TestInvoker.java:194)
	at org.testng.internal.invokers.TestMethodWorker.invokeTestMethods(TestMethodWorker.java:148)
	at org.testng.internal.invokers.TestMethodWorker.run(TestMethodWorker.java:128)
	at java.base/java.util.ArrayList.forEach(ArrayList.java:1511)
	at org.testng.TestRunner.privateRun(TestRunner.java:829)
	at org.testng.TestRunner.run(TestRunner.java:602)
	at org.testng.SuiteRunner.runTest(SuiteRunner.java:437)
	at org.testng.SuiteRunner.runSequentially(SuiteRunner.java:431)
	at org.testng.SuiteRunner.privateRun(SuiteRunner.java:391)
	at org.testng.SuiteRunner.run(SuiteRunner.java:330)
	at org.testng.SuiteRunnerWorker.runSuite(SuiteRunnerWorker.java:52)
	at org.testng.SuiteRunnerWorker.run(SuiteRunnerWorker.java:95)
	at org.testng.TestNG.runSuitesSequentially(TestNG.java:1256)
	at org.testng.TestNG.runSuitesLocally(TestNG.java:1176)
	at org.testng.TestNG.runSuites(TestNG.java:1099)
	at org.testng.TestNG.run(TestNG.java:1067)
	at org.testng.remote.AbstractRemoteTestNG.run(AbstractRemoteTestNG.java:115)
	at org.testng.remote.RemoteTestNG.initAndRun(RemoteTestNG.java:251)
	at org.testng.remote.RemoteTestNG.main(RemoteTestNG.java:77)
</pre></div></td>
<td>0</td>
<td>testngexample.Example5@4b0d79fc</td></tr>
</table><p>
<table width='100%' border='1' class='invocation-passed'>
<tr><td colspan='4' align='center'><b>PASSED TESTS</b></td></tr>
<tr><td><b>Test method</b></td>
<td><b>Attribute(s)</b></td>
<td width="30%"><b>Exception</b></td>
<td width="10%"><b>Time (seconds)</b></td>
<td><b>Instance</b></td>
</tr>
<tr>
<td title='testngexample.Example1.tc2()'><b>tc2</b><br>Test class: testngexample.Example1</td>
<td></td>
<td>0</td>
<td>testngexample.Example1@36916eb0</td></tr>
<tr>
<td title='testngexample.Example7.testFB()'><b>testFB</b><br>Test class: testngexample.Example7</td>
<td></td>
<td>0</td>
<td>testngexample.Example7@65c7a252</td></tr>
<tr>
<td title='testngexample.Example8.testSignIn()'><b>testSignIn</b><br>Test class: testngexample.Example8</td>
<td></td>
<td>0</td>
<td>testngexample.Example8@229c6181</td></tr>
<tr>
<td title='testngexample.Example2.tc3()'><b>tc3</b><br>Test class: testngexample.Example2</td>
<td></td>
<td>0</td>
<td>testngexample.Example2@27f981c6</td></tr>
<tr>
<td title='testngexample.Example4.testSignIn()'><b>testSignIn</b><br>Test class: testngexample.Example4</td>
<td></td>
<td>0</td>
<td>testngexample.Example4@2dc54ad4</td></tr>
<tr>
<td title='testngexample.Example3.tc1()'><b>tc1</b><br>Test class: testngexample.Example3</td>
<td></td>
<td>0</td>
<td>testngexample.Example3@1151e434</td></tr>
<tr>
<td title='testngexample.Example1.tc1()'><b>tc1</b><br>Test class: testngexample.Example1</td>
<td></td>
<td>0</td>
<td>testngexample.Example1@36916eb0</td></tr>
<tr>
<td title='testngexample.Example3.tc3()'><b>tc3</b><br>Test class: testngexample.Example3</td>
<td></td>
<td>0</td>
<td>testngexample.Example3@1151e434</td></tr>
<tr>
<td title='testngexample.Example4.testSignIn()'><b>testSignIn</b><br>Test class: testngexample.Example4</td>
<td></td>
<td>0</td>
<td>testngexample.Example4@2dc54ad4</td></tr>
<tr>
<td title='testngexample.Example6.testLogin()'><b>testLogin</b><br>Test class: testngexample.Example6<br>Test method: this is login method</td>
<td></td>
<td>0</td>
<td>testngexample.Example6@4c1909a3</td></tr>
<tr>
<td title='testngexample.Example5.createNewDmatAccount()'><b>createNewDmatAccount</b><br>Test class: testngexample.Example5</td>
<td></td>
<td>0</td>
<td>testngexample.Example5@4b0d79fc</td></tr>
<tr>
<td title='testngexample.Example4.testSignIn()'><b>testSignIn</b><br>Test class: testngexample.Example4</td>
<td></td>
<td>0</td>
<td>testngexample.Example4@2dc54ad4</td></tr>
<tr>
<td title='testngexample.TestngExample1.testCase()'><b>testCase</b><br>Test class: testngexample.TestngExample1</td>
<td></td>
<td>0</td>
<td>testngexample.TestngExample1@1b11171f</td></tr>
<tr>
<td title='testngexample.ConverToTestngEx.test()'><b>test</b><br>Test class: testngexample.ConverToTestngEx</td>
<td></td>
<td>0</td>
<td>testngexample.ConverToTestngEx@791f145a</td></tr>
<tr>
<td title='testngexample.Example8.testLogin()'><b>testLogin</b><br>Test class: testngexample.Example8</td>
<td></td>
<td>0</td>
<td>testngexample.Example8@229c6181</td></tr>
<tr>
<td title='testngexample.Example3.tc2()'><b>tc2</b><br>Test class: testngexample.Example3</td>
<td></td>
<td>0</td>
<td>testngexample.Example3@1151e434</td></tr>
<tr>
<td title='testngexample.Example8.testLogout()'><b>testLogout</b><br>Test class: testngexample.Example8</td>
<td></td>
<td>0</td>
<td>testngexample.Example8@229c6181</td></tr>
<tr>
<td title='testngexample.Example3.tc4()'><b>tc4</b><br>Test class: testngexample.Example3</td>
<td></td>
<td>0</td>
<td>testngexample.Example3@1151e434</td></tr>
<tr>
<td title='testngexample.Example2.tc2()'><b>tc2</b><br>Test class: testngexample.Example2</td>
<td></td>
<td>0</td>
<td>testngexample.Example2@27f981c6</td></tr>
<tr>
<td title='testngexample.Example6.testSignIn()'><b>testSignIn</b><br>Test class: testngexample.Example6</td>
<td><div><pre>java.lang.ArithmeticException: / by zero
	at testngexample.Example6.testSignIn(Example6.java:8)
	at java.base/java.util.ArrayList.forEach(ArrayList.java:1511)
... Removed 27 stack frames</pre></div><a href='#' onClick='toggleBox("stack-trace343812839", this, "Click to show all stack frames", "Click to hide stack frames")'>Click to show all stack frames</a>
<div class='stack-trace' id='stack-trace343812839'><pre>java.lang.ArithmeticException: / by zero
	at testngexample.Example6.testSignIn(Example6.java:8)
	at java.base/jdk.internal.reflect.NativeMethodAccessorImpl.invoke0(Native Method)
	at java.base/jdk.internal.reflect.NativeMethodAccessorImpl.invoke(NativeMethodAccessorImpl.java:77)
	at java.base/jdk.internal.reflect.DelegatingMethodAccessorImpl.invoke(DelegatingMethodAccessorImpl.java:43)
	at java.base/java.lang.reflect.Method.invoke(Method.java:568)
	at org.testng.internal.invokers.MethodInvocationHelper.invokeMethod(MethodInvocationHelper.java:139)
	at org.testng.internal.invokers.TestInvoker.invokeMethod(TestInvoker.java:677)
	at org.testng.internal.invokers.TestInvoker.invokeTestMethod(TestInvoker.java:221)
	at org.testng.internal.invokers.MethodRunner.runInSequence(MethodRunner.java:50)
	at org.testng.internal.invokers.TestInvoker$MethodInvocationAgent.invoke(TestInvoker.java:969)
	at org.testng.internal.invokers.TestInvoker.invokeTestMethods(TestInvoker.java:194)
	at org.testng.internal.invokers.TestMethodWorker.invokeTestMethods(TestMethodWorker.java:148)
	at org.testng.internal.invokers.TestMethodWorker.run(TestMethodWorker.java:128)
	at java.base/java.util.ArrayList.forEach(ArrayList.java:1511)
	at org.testng.TestRunner.privateRun(TestRunner.java:829)
	at org.testng.TestRunner.run(TestRunner.java:602)
	at org.testng.SuiteRunner.runTest(SuiteRunner.java:437)
	at org.testng.SuiteRunner.runSequentially(SuiteRunner.java:431)
	at org.testng.SuiteRunner.privateRun(SuiteRunner.java:391)
	at org.testng.SuiteRunner.run(SuiteRunner.java:330)
	at org.testng.SuiteRunnerWorker.runSuite(SuiteRunnerWorker.java:52)
	at org.testng.SuiteRunnerWorker.run(SuiteRunnerWorker.java:95)
	at org.testng.TestNG.runSuitesSequentially(TestNG.java:1256)
	at org.testng.TestNG.runSuitesLocally(TestNG.java:1176)
	at org.testng.TestNG.runSuites(TestNG.java:1099)
	at org.testng.TestNG.run(TestNG.java:1067)
	at org.testng.remote.AbstractRemoteTestNG.run(AbstractRemoteTestNG.java:115)
	at org.testng.remote.RemoteTestNG.initAndRun(RemoteTestNG.java:251)
	at org.testng.remote.RemoteTestNG.main(RemoteTestNG.java:77)
</pre></div></td>
<td>0</td>
<td>testngexample.Example6@4c1909a3</td></tr>
<tr>
<td title='testngexample.Example5.tc4()'><b>tc4</b><br>Test class: testngexample.Example5</td>
<td></td>
<td>0</td>
<td>testngexample.Example5@4b0d79fc</td></tr>
</table><p>
<table width='100%' border='1' class='invocation-skipped'>
<tr><td colspan='4' align='center'><b>SKIPPED TESTS</b></td></tr>
<tr><td><b>Test method</b></td>
<td><b>Attribute(s)</b></td>
<td width="30%"><b>Exception</b></td>
<td width="10%"><b>Time (seconds)</b></td>
<td><b>Instance</b></td>
</tr>
<tr>
<td title='testngexample.Example5.createNewCurrentAccount()'><b>createNewCurrentAccount</b><br>Test class: testngexample.Example5</td>
<td><div><pre>java.lang.Throwable: Method testngexample.Example5.createNewCurrentAccount() on instance testngexample.Example5@4b0d79fc depends on not successfully finished methods 
[testngexample.Example5.createNewSavinsAccount() on instance testngexample.Example5@4b0d79fc]
	at java.base/java.util.ArrayList.forEach(ArrayList.java:1511)
... Removed 18 stack frames</pre></div><a href='#' onClick='toggleBox("stack-trace2100440237", this, "Click to show all stack frames", "Click to hide stack frames")'>Click to show all stack frames</a>
<div class='stack-trace' id='stack-trace2100440237'><pre>java.lang.Throwable: Method testngexample.Example5.createNewCurrentAccount() on instance testngexample.Example5@4b0d79fc depends on not successfully finished methods 
[testngexample.Example5.createNewSavinsAccount() on instance testngexample.Example5@4b0d79fc]
	at org.testng.internal.invokers.TestInvoker.invokeTestMethods(TestInvoker.java:150)
	at org.testng.internal.invokers.TestMethodWorker.invokeTestMethods(TestMethodWorker.java:148)
	at org.testng.internal.invokers.TestMethodWorker.run(TestMethodWorker.java:128)
	at java.base/java.util.ArrayList.forEach(ArrayList.java:1511)
	at org.testng.TestRunner.privateRun(TestRunner.java:829)
	at org.testng.TestRunner.run(TestRunner.java:602)
	at org.testng.SuiteRunner.runTest(SuiteRunner.java:437)
	at org.testng.SuiteRunner.runSequentially(SuiteRunner.java:431)
	at org.testng.SuiteRunner.privateRun(SuiteRunner.java:391)
	at org.testng.SuiteRunner.run(SuiteRunner.java:330)
	at org.testng.SuiteRunnerWorker.runSuite(SuiteRunnerWorker.java:52)
	at org.testng.SuiteRunnerWorker.run(SuiteRunnerWorker.java:95)
	at org.testng.TestNG.runSuitesSequentially(TestNG.java:1256)
	at org.testng.TestNG.runSuitesLocally(TestNG.java:1176)
	at org.testng.TestNG.runSuites(TestNG.java:1099)
	at org.testng.TestNG.run(TestNG.java:1067)
	at org.testng.remote.AbstractRemoteTestNG.run(AbstractRemoteTestNG.java:115)
	at org.testng.remote.RemoteTestNG.initAndRun(RemoteTestNG.java:251)
	at org.testng.remote.RemoteTestNG.main(RemoteTestNG.java:77)
</pre></div></td>
<td>0</td>
<td>testngexample.Example5@4b0d79fc</td></tr>
</table><p>
</body>
</html>